
Note: Compatibility modes selected: hs a


Circuit: * num: 10 corner: ff vdd: 3.6 temp: 25

option SCALE: Scale is set to 1e-06 for instance and model parameters
option SCALE: Scale is set to 1e-06 for instance and model parameters
option SCALE: Scale is set to 1e-06 for instance and model parameters
option SCALE: Scale is set to 1e-06 for instance and model parameters
Doing analysis at TEMP = 25.000000 and TNOM = 27.000000

Note: v_enb: dc value used for op instead of transient time=0 value.
Note: v_en: dc value used for op instead of transient time=0 value.
Note: v_enb: dc value used for op instead of transient time=0 value.
Note: v_en: dc value used for op instead of transient time=0 value.
Note: Starting dynamic gmin stepping
Trying gmin =   1.0000E-03 Note: One successful gmin step
Trying gmin =   1.0000E-04 Note: One successful gmin step
Trying gmin =   1.0000E-05 Note: One successful gmin step
Trying gmin =   1.0000E-06 Warning: Further gmin increment
Trying gmin =   5.6234E-06 Note: One successful gmin step
Trying gmin =   2.3714E-06 Note: One successful gmin step
Trying gmin =   6.4938E-07 Note: One successful gmin step
Trying gmin =   9.3057E-08 Note: One successful gmin step
Trying gmin =   9.3057E-09 Note: One successful gmin step
Trying gmin =   9.3057E-10 Note: One successful gmin step
Trying gmin =   9.3057E-11 Note: One successful gmin step
Trying gmin =   9.3057E-12 Note: One successful gmin step
Trying gmin =   1.0000E-12 Note: One successful gmin step
Note: Dynamic gmin stepping completed
Note: v_enb: dc value used for op instead of transient time=0 value.
Note: v_en: dc value used for op instead of transient time=0 value.
Note: v_enb: dc value used for op instead of transient time=0 value.
Note: v_en: dc value used for op instead of transient time=0 value.
Note: v_enb: dc value used for op instead of transient time=0 value.
Note: v_en: dc value used for op instead of transient time=0 value.
Note: v_enb: dc value used for op instead of transient time=0 value.
Note: v_en: dc value used for op instead of transient time=0 value.
Note: v_enb: dc value used for op instead of transient time=0 value.
Note: v_en: dc value used for op instead of transient time=0 value.
Note: v_enb: dc value used for op instead of transient time=0 value.
Note: v_en: dc value used for op instead of transient time=0 value.
Note: v_enb: dc value used for op instead of transient time=0 value.
Note: v_en: dc value used for op instead of transient time=0 value.
Note: v_enb: dc value used for op instead of transient time=0 value.
Note: v_en: dc value used for op instead of transient time=0 value.
Note: v_enb: dc value used for op instead of transient time=0 value.
Note: v_en: dc value used for op instead of transient time=0 value.
Note: v_enb: dc value used for op instead of transient time=0 value.
Note: v_en: dc value used for op instead of transient time=0 value.
Note: v_enb: dc value used for op instead of transient time=0 value.
Note: v_en: dc value used for op instead of transient time=0 value.
Note: v_enb: dc value used for op instead of transient time=0 value.
Note: v_en: dc value used for op instead of transient time=0 value.
Note: v_enb: dc value used for op instead of transient time=0 value.
Note: v_en: dc value used for op instead of transient time=0 value.
Note: v_enb: dc value used for op instead of transient time=0 value.
Note: v_en: dc value used for op instead of transient time=0 value.
Note: v_enb: dc value used for op instead of transient time=0 value.
Note: v_en: dc value used for op instead of transient time=0 value.
Note: v_enb: dc value used for op instead of transient time=0 value.
Note: v_en: dc value used for op instead of transient time=0 value.
Note: v_enb: dc value used for op instead of transient time=0 value.
Note: v_en: dc value used for op instead of transient time=0 value.
Note: v_enb: dc value used for op instead of transient time=0 value.
Note: v_en: dc value used for op instead of transient time=0 value.
Note: v_enb: dc value used for op instead of transient time=0 value.
Note: v_en: dc value used for op instead of transient time=0 value.
Note: v_enb: dc value used for op instead of transient time=0 value.
Note: v_en: dc value used for op instead of transient time=0 value.
Note: v_enb: dc value used for op instead of transient time=0 value.
Note: v_en: dc value used for op instead of transient time=0 value.
Note: v_enb: dc value used for op instead of transient time=0 value.
Note: v_en: dc value used for op instead of transient time=0 value.
Note: v_enb: dc value used for op instead of transient time=0 value.
Note: v_en: dc value used for op instead of transient time=0 value.
Note: v_enb: dc value used for op instead of transient time=0 value.
Note: v_en: dc value used for op instead of transient time=0 value.
Note: v_enb: dc value used for op instead of transient time=0 value.
Note: v_en: dc value used for op instead of transient time=0 value.
Note: v_enb: dc value used for op instead of transient time=0 value.
Note: v_en: dc value used for op instead of transient time=0 value.
Note: v_enb: dc value used for op instead of transient time=0 value.
Note: v_en: dc value used for op instead of transient time=0 value.
Note: v_enb: dc value used for op instead of transient time=0 value.
Note: v_en: dc value used for op instead of transient time=0 value.
Note: v_enb: dc value used for op instead of transient time=0 value.
Note: v_en: dc value used for op instead of transient time=0 value.
Note: v_enb: dc value used for op instead of transient time=0 value.
Note: v_en: dc value used for op instead of transient time=0 value.
Note: v_enb: dc value used for op instead of transient time=0 value.
Note: v_en: dc value used for op instead of transient time=0 value.
Note: v_enb: dc value used for op instead of transient time=0 value.
Note: v_en: dc value used for op instead of transient time=0 value.
Note: v_enb: dc value used for op instead of transient time=0 value.
Note: v_en: dc value used for op instead of transient time=0 value.
Note: v_enb: dc value used for op instead of transient time=0 value.
Note: v_en: dc value used for op instead of transient time=0 value.
Note: v_enb: dc value used for op instead of transient time=0 value.
Note: v_en: dc value used for op instead of transient time=0 value.
Note: v_enb: dc value used for op instead of transient time=0 value.
Note: v_en: dc value used for op instead of transient time=0 value.
Note: v_enb: dc value used for op instead of transient time=0 value.
Note: v_en: dc value used for op instead of transient time=0 value.

No. of Data Rows : 37
io25                =  2.240033e-05
ERROR: (internal)  This operation is not defined for display type PrinterOnly.
Can't open viewport for graphics.
imax = 2.985712e-05
imin = 1.670834e-05
i_avg = 2.328273e-05
ppm = 3.137466e+03
binary raw file "./out/sp10.raw"
Doing analysis at TEMP = 25.000000 and TNOM = 27.000000

Note: v_enb: dc value used for op instead of transient time=0 value.
Note: v_en: dc value used for op instead of transient time=0 value.

Total analysis time (seconds) = 1.781

Total elapsed time (seconds) = 5.248 

Total DRAM available = 7841.883 MB.
DRAM currently available =  427.414 MB.
Maximum ngspice program size =  442.133 MB.
Current ngspice program size =  424.246 MB.

Shared ngspice pages =   11.160 MB.
Text (code) pages =    5.461 MB.
Stack = 0 bytes.
Library pages =  421.688 MB.

