
Note: Compatibility modes selected: hs a


Circuit: * num: 1 corner: ss vdd: 3.3 temp: 25

option SCALE: Scale is set to 1e-06 for instance and model parameters
option SCALE: Scale is set to 1e-06 for instance and model parameters
option SCALE: Scale is set to 1e-06 for instance and model parameters
option SCALE: Scale is set to 1e-06 for instance and model parameters
Doing analysis at TEMP = 25.000000 and TNOM = 27.000000

Note: v_enb: dc value used for op instead of transient time=0 value.
Note: v_en: dc value used for op instead of transient time=0 value.
Note: Starting dynamic gmin stepping
Trying gmin =   1.0000E-03 Note: One successful gmin step
Trying gmin =   1.0000E-04 Note: One successful gmin step
Trying gmin =   1.0000E-05 Note: One successful gmin step
Trying gmin =   1.0000E-06 Warning: Further gmin increment
Trying gmin =   5.6234E-06 Note: One successful gmin step
Trying gmin =   2.3714E-06 Note: One successful gmin step
Trying gmin =   6.4938E-07 Note: One successful gmin step
Trying gmin =   9.3057E-08 Note: One successful gmin step
Trying gmin =   9.3057E-09 Warning: Further gmin increment
Trying gmin =   5.2330E-08 Note: One successful gmin step
Trying gmin =   2.2067E-08 Note: One successful gmin step
Trying gmin =   6.0430E-09 Warning: Further gmin increment
Trying gmin =   1.5963E-08 Note: One successful gmin step
Trying gmin =   9.8217E-09 Note: One successful gmin step
Trying gmin =   4.7400E-09 Note: One successful gmin step
Trying gmin =   1.5892E-09 Note: One successful gmin step
Trying gmin =   3.0850E-10 Note: One successful gmin step
Trying gmin =   3.0850E-11 Note: One successful gmin step
Trying gmin =   3.0850E-12 Note: One successful gmin step
Trying gmin =   1.0000E-12 Note: One successful gmin step
Note: Dynamic gmin stepping completed

No. of Data Rows : 261
io3p3               =  2.169867e-05
psrr3p3             =  6.805717e+01
ERROR: (internal)  This operation is not defined for display type PrinterOnly.
Can't open viewport for graphics.
ERROR: (internal)  This operation is not defined for display type PrinterOnly.
Can't open viewport for graphics.
io3p3 = 2.169867e-05
binary raw file "./out/sp1.raw"
Doing analysis at TEMP = 25.000000 and TNOM = 27.000000

Note: v_enb: dc value used for op instead of transient time=0 value.
Note: v_en: dc value used for op instead of transient time=0 value.

Total analysis time (seconds) = 4.705

Total elapsed time (seconds) = 8.126 

Total DRAM available = 7841.883 MB.
DRAM currently available =  344.762 MB.
Maximum ngspice program size =  502.938 MB.
Current ngspice program size =  484.914 MB.

Shared ngspice pages =   10.840 MB.
Text (code) pages =    5.461 MB.
Stack = 0 bytes.
Library pages =  482.492 MB.

