
Note: Compatibility modes selected: hs a


Circuit: * num: 3 corner: ss vdd: 3.3 temp: 25

option SCALE: Scale is set to 1e-06 for instance and model parameters
option SCALE: Scale is set to 1e-06 for instance and model parameters
option SCALE: Scale is set to 1e-06 for instance and model parameters
option SCALE: Scale is set to 1e-06 for instance and model parameters
Doing analysis at TEMP = 25.000000 and TNOM = 27.000000

Note: v_enb: dc value used for op instead of transient time=0 value.
Note: v_en: dc value used for op instead of transient time=0 value.
Note: Starting dynamic gmin stepping
Trying gmin =   1.0000E-03 Note: One successful gmin step
Trying gmin =   1.0000E-04 Note: One successful gmin step
Trying gmin =   1.0000E-05 Note: One successful gmin step
Trying gmin =   1.0000E-06 Note: One successful gmin step
Trying gmin =   3.1623E-07 Note: One successful gmin step
Trying gmin =   5.6234E-08 Warning: Further gmin increment
Trying gmin =   2.0535E-07 Note: One successful gmin step
Trying gmin =   1.0746E-07 Note: One successful gmin step
Trying gmin =   4.0679E-08 Note: One successful gmin step
Trying gmin =   9.4746E-09 Note: One successful gmin step
Trying gmin =   1.0650E-09 Note: One successful gmin step
Trying gmin =   1.0650E-10 Note: One successful gmin step
Trying gmin =   1.0650E-11 Note: One successful gmin step
Trying gmin =   1.0650E-12 Note: One successful gmin step
Trying gmin =   1.0000E-12 Note: One successful gmin step
Note: Dynamic gmin stepping completed

No. of Data Rows : 261
io3p3               =  2.265009e-05
psrr3p3             =  5.923619e+01
ERROR: (internal)  This operation is not defined for display type PrinterOnly.
Can't open viewport for graphics.
ERROR: (internal)  This operation is not defined for display type PrinterOnly.
Can't open viewport for graphics.
io3p3 = 2.265009e-05
binary raw file "./out/sp3.raw"
Doing analysis at TEMP = 25.000000 and TNOM = 27.000000

Note: v_enb: dc value used for op instead of transient time=0 value.
Note: v_en: dc value used for op instead of transient time=0 value.

Total analysis time (seconds) = 3.517

Total elapsed time (seconds) = 6.740 

Total DRAM available = 7841.883 MB.
DRAM currently available =  196.719 MB.
Maximum ngspice program size =  442.145 MB.
Current ngspice program size =  424.176 MB.

Shared ngspice pages =   11.105 MB.
Text (code) pages =    5.461 MB.
Stack = 0 bytes.
Library pages =  421.699 MB.

